<testsuites id="" name="" tests="91" failures="6" skipped="22" errors="0" time="833.053998">
<testsuite name="a11y.spec.ts" timestamp="2026-03-15T22:12:53.299Z" hostname="chromium" tests="1" failures="0" skipped="0" time="20.253" errors="0">
<testcase name="Accessibility (WCAG 2.2 AA) › homepage should have no critical accessibility violations" classname="a11y.spec.ts" time="20.253">
<system-out>
<![CDATA[All a11y violations: [
  {
    id: [32m'color-contrast'[39m,
    impact: [32m'serious'[39m,
    description: [32m'Ensure the contrast between foreground and background colors meets WCAG 2 AA minimum contrast ratio thresholds'[39m,
    nodes: [33m3[39m
  },
  {
    id: [32m'target-size'[39m,
    impact: [32m'serious'[39m,
    description: [32m'Ensure touch targets have sufficient size and space'[39m,
    nodes: [33m1[39m
  }
]
]]>
</system-out>
</testcase>
</testsuite>
<testsuite name="admin-page.spec.ts" timestamp="2026-03-15T22:12:53.299Z" hostname="chromium" tests="3" failures="0" skipped="0" time="32.034" errors="0">
<testcase name="Admin Page › unauthenticated user is redirected to login" classname="admin-page.spec.ts" time="9.156">
</testcase>
<testcase name="Admin Page › non-admin user is redirected to home" classname="admin-page.spec.ts" time="8.619">
</testcase>
<testcase name="Admin Page › admin user sees dashboard" classname="admin-page.spec.ts" time="14.259">
</testcase>
</testsuite>
<testsuite name="ai-models.spec.ts" timestamp="2026-03-15T22:12:53.299Z" hostname="chromium" tests="8" failures="0" skipped="0" time="55.908" errors="0">
<testcase name="AI Models Page › 应该显示AI模型列表" classname="ai-models.spec.ts" time="7.891">
</testcase>
<testcase name="AI Models Page › 应该正确处理NULL分数显示" classname="ai-models.spec.ts" time="4.978">
</testcase>
<testcase name="AI Models Page › 应该支持模型类型筛选" classname="ai-models.spec.ts" time="5.003">
</testcase>
<testcase name="AI Models Page › 应该支持排序功能" classname="ai-models.spec.ts" time="6.282">
</testcase>
<testcase name="AI Models Page › 模型详情页面跳转" classname="ai-models.spec.ts" time="6.834">
</testcase>
<testcase name="AI Models Page › 响应式设计测试" classname="ai-models.spec.ts" time="11.252">
</testcase>
<testcase name="AI Models Page › 搜索功能测试" classname="ai-models.spec.ts" time="5.369">
</testcase>
<testcase name="AI Models Page › 数据加载状态测试" classname="ai-models.spec.ts" time="8.299">
</testcase>
</testsuite>
<testsuite name="auth.spec.ts" timestamp="2026-03-15T22:12:53.299Z" hostname="chromium" tests="7" failures="0" skipped="0" time="74.314" errors="0">
<testcase name="Authentication Flow › User can successfully login with valid credentials" classname="auth.spec.ts" time="10.226">
<system-out>
<![CDATA[Test: Starting login test with credentials: demo
Test: Navigating to login page
Auth API response: http://localhost:5173/login [33m200[39m
Response body: <!doctype html>
<html lang="en">
  <head>
    <script type="module">import { injectIntoGlobalHook } from "/@react-refresh";
injectIntoGlobalHook(window);
window.$RefreshReg$ = () => {};
window.$Refr
Test: Login form is visible
Test: Filling login form
Mock: Intercepting login request to: http://localhost:8001/api/v1/auth/login
Login request data: username=demo&password=demo123
Login credentials: demo [REDACTED]
Mock: Sending successful login response
Auth API response: http://localhost:8001/api/v1/auth/login [33m200[39m
Response body: {"access_token":"mock-jwt-token-1773612898783","token_type":"bearer"}
Test: Waiting for redirect to home page
Test: Checking auth token storage
Test: Auth token retrieved: YES
Test: Verifying successful redirect to home page
Test: Login test completed successfully
]]>
</system-out>
</testcase>
<testcase name="Authentication Flow › Guest mode allows access without authentication" classname="auth.spec.ts" time="11.522">
</testcase>
<testcase name="Authentication Flow › Login fails with invalid credentials" classname="auth.spec.ts" time="8.261">
<system-out>
<![CDATA[Auth API response: http://localhost:5173/login [33m200[39m
Response body: <!doctype html>
<html lang="en">
  <head>
    <script type="module">import { injectIntoGlobalHook } from "/@react-refresh";
injectIntoGlobalHook(window);
window.$RefreshReg$ = () => {};
window.$Refr
Mock: Intercepting login request to: http://localhost:8001/api/v1/auth/login
Login request data: username=invalid_user&password=wrong_password
Login credentials: invalid_user [REDACTED]
Mock: Sending failed login response
Auth API response: http://localhost:8001/api/v1/auth/login [33m401[39m
Response body: {"detail":"Invalid username or password"}
]]>
</system-out>
</testcase>
<testcase name="Authentication Flow › JWT token persists across page refreshes" classname="auth.spec.ts" time="19.333">
<system-out>
<![CDATA[Auth API response: http://localhost:5173/login [33m200[39m
Response body: <!doctype html>
<html lang="en">
  <head>
    <script type="module">import { injectIntoGlobalHook } from "/@react-refresh";
injectIntoGlobalHook(window);
window.$RefreshReg$ = () => {};
window.$Refr
Mock: Intercepting login request to: http://localhost:8001/api/v1/auth/login
Login request data: username=demo&password=demo123
Login credentials: demo [REDACTED]
Mock: Sending successful login response
Auth API response: http://localhost:8001/api/v1/auth/login [33m200[39m
Response body: {"access_token":"mock-jwt-token-1773612929778","token_type":"bearer"}
Initial token set: mock-jwt-token-1773612929778
Token after refresh: mock-jwt-token-1773612929778
Application can access token: [33mtrue[39m
]]>
</system-out>
</testcase>
<testcase name="Authentication Flow › Logout functionality clears authentication" classname="auth.spec.ts" time="11.136">
<system-out>
<![CDATA[Auth API response: http://localhost:5173/login [33m200[39m
Response body: <!doctype html>
<html lang="en">
  <head>
    <script type="module">import { injectIntoGlobalHook } from "/@react-refresh";
injectIntoGlobalHook(window);
window.$RefreshReg$ = () => {};
window.$Refr
Mock: Intercepting login request to: http://localhost:8001/api/v1/auth/login
Login request data: username=demo&password=demo123
Login credentials: demo [REDACTED]
Mock: Sending successful login response
Auth API response: http://localhost:8001/api/v1/auth/login [33m200[39m
Response body: {"access_token":"mock-jwt-token-1773612947126","token_type":"bearer"}
Token after logout: CLEARED
Auth API response: http://localhost:5173/login [33m200[39m
Response body: <!doctype html>
<html lang="en">
  <head>
    <script type="module">import { injectIntoGlobalHook } from "/@react-refresh";
injectIntoGlobalHook(window);
window.$RefreshReg$ = () => {};
window.$Refr
✅ Logout functionality verified: token cleared and can access login page
]]>
</system-out>
</testcase>
<testcase name="Authentication Flow › Admin user has access to admin features" classname="auth.spec.ts" time="8.489">
<system-out>
<![CDATA[Auth API response: http://localhost:5173/login [33m200[39m
Response body: <!doctype html>
<html lang="en">
  <head>
    <script type="module">import { injectIntoGlobalHook } from "/@react-refresh";
injectIntoGlobalHook(window);
window.$RefreshReg$ = () => {};
window.$Refr
Mock: Intercepting login request to: http://localhost:8001/api/v1/auth/login
Login request data: username=admin&password=admin123
Login credentials: admin [REDACTED]
Mock: Sending successful login response
Auth API response: http://localhost:8001/api/v1/auth/login [33m200[39m
Response body: {"access_token":"mock-jwt-token-1773612958601","token_type":"bearer"}
]]>
</system-out>
</testcase>
<testcase name="Authentication Flow › Guest session respects daily usage limits" classname="auth.spec.ts" time="5.347">
<system-out>
<![CDATA[✅ Guest session functionality verified: data storage works correctly
]]>
</system-out>
</testcase>
</testsuite>
<testsuite name="basic-navigation.spec.ts" timestamp="2026-03-15T22:12:53.299Z" hostname="chromium" tests="5" failures="1" skipped="1" time="31.297" errors="0">
<testcase name="Basic Navigation › Homepage loads successfully" classname="basic-navigation.spec.ts" time="6.172">
</testcase>
<testcase name="Basic Navigation › Can navigate to models page" classname="basic-navigation.spec.ts" time="5.442">
</testcase>
<testcase name="Basic Navigation › Can navigate to canvas page" classname="basic-navigation.spec.ts" time="14.942">
<failure message="basic-navigation.spec.ts:34:3 Can navigate to canvas page" type="FAILURE">
<![CDATA[  [chromium] › basic-navigation.spec.ts:34:3 › Basic Navigation › Can navigate to canvas page ──────

    Error: expect(received).toBeTruthy()

    Received: false

      41 |
      42 |     const hasContent = await page.locator('h1, button:has-text("Edit"), button:has-text("Run")').first().isVisible({ timeout: 10000 }).catch(() => false);
    > 43 |     expect(hasContent).toBeTruthy();
         |                        ^
      44 |   });
      45 |
      46 |   test('Can navigate to login page directly', async ({ page }) => {
        at /home/yhryzy/projects/website/wenxin-moyun/tests/e2e/specs/basic-navigation.spec.ts:43:24

    attachment #1: screenshot (image/png) ──────────────────────────────────────────────────────────
    ../../../test-results/basic-navigation-Basic-Nav-7493d-Can-navigate-to-canvas-page-chromium/test-failed-1.png
    ────────────────────────────────────────────────────────────────────────────────────────────────

    attachment #2: video (video/webm) ──────────────────────────────────────────────────────────────
    ../../../test-results/basic-navigation-Basic-Nav-7493d-Can-navigate-to-canvas-page-chromium/video.webm
    ────────────────────────────────────────────────────────────────────────────────────────────────

    Error Context: ../../../test-results/basic-navigation-Basic-Nav-7493d-Can-navigate-to-canvas-page-chromium/error-context.md

    attachment #4: trace (application/zip) ─────────────────────────────────────────────────────────
    ../../../test-results/basic-navigation-Basic-Nav-7493d-Can-navigate-to-canvas-page-chromium/trace.zip
    Usage:

        npx playwright show-trace ../../../test-results/basic-navigation-Basic-Nav-7493d-Can-navigate-to-canvas-page-chromium/trace.zip

    ────────────────────────────────────────────────────────────────────────────────────────────────

    Retry #1 ───────────────────────────────────────────────────────────────────────────────────────

    Error: expect(received).toBeTruthy()

    Received: false

      41 |
      42 |     const hasContent = await page.locator('h1, button:has-text("Edit"), button:has-text("Run")').first().isVisible({ timeout: 10000 }).catch(() => false);
    > 43 |     expect(hasContent).toBeTruthy();
         |                        ^
      44 |   });
      45 |
      46 |   test('Can navigate to login page directly', async ({ page }) => {
        at /home/yhryzy/projects/website/wenxin-moyun/tests/e2e/specs/basic-navigation.spec.ts:43:24

    attachment #1: screenshot (image/png) ──────────────────────────────────────────────────────────
    ../../../test-results/basic-navigation-Basic-Nav-7493d-Can-navigate-to-canvas-page-chromium-retry1/test-failed-1.png
    ────────────────────────────────────────────────────────────────────────────────────────────────

    attachment #2: video (video/webm) ──────────────────────────────────────────────────────────────
    ../../../test-results/basic-navigation-Basic-Nav-7493d-Can-navigate-to-canvas-page-chromium-retry1/video.webm
    ────────────────────────────────────────────────────────────────────────────────────────────────

    Error Context: ../../../test-results/basic-navigation-Basic-Nav-7493d-Can-navigate-to-canvas-page-chromium-retry1/error-context.md

    attachment #4: trace (application/zip) ─────────────────────────────────────────────────────────
    ../../../test-results/basic-navigation-Basic-Nav-7493d-Can-navigate-to-canvas-page-chromium-retry1/trace.zip
    Usage:

        npx playwright show-trace ../../../test-results/basic-navigation-Basic-Nav-7493d-Can-navigate-to-canvas-page-chromium-retry1/trace.zip

    ────────────────────────────────────────────────────────────────────────────────────────────────
]]>
</failure>
<system-out>
<![CDATA[
[[ATTACHMENT|../../test-results/basic-navigation-Basic-Nav-7493d-Can-navigate-to-canvas-page-chromium/test-failed-1.png]]

[[ATTACHMENT|../../test-results/basic-navigation-Basic-Nav-7493d-Can-navigate-to-canvas-page-chromium/video.webm]]

[[ATTACHMENT|../../test-results/basic-navigation-Basic-Nav-7493d-Can-navigate-to-canvas-page-chromium/error-context.md]]

[[ATTACHMENT|../../test-results/basic-navigation-Basic-Nav-7493d-Can-navigate-to-canvas-page-chromium/trace.zip]]

[[ATTACHMENT|../../test-results/basic-navigation-Basic-Nav-7493d-Can-navigate-to-canvas-page-chromium-retry1/test-failed-1.png]]

[[ATTACHMENT|../../test-results/basic-navigation-Basic-Nav-7493d-Can-navigate-to-canvas-page-chromium-retry1/video.webm]]

[[ATTACHMENT|../../test-results/basic-navigation-Basic-Nav-7493d-Can-navigate-to-canvas-page-chromium-retry1/error-context.md]]

[[ATTACHMENT|../../test-results/basic-navigation-Basic-Nav-7493d-Can-navigate-to-canvas-page-chromium-retry1/trace.zip]]
]]>
</system-out>
</testcase>
<testcase name="Basic Navigation › Can navigate to login page directly" classname="basic-navigation.spec.ts" time="4.741">
</testcase>
<testcase name="Basic Navigation › Backend health check works" classname="basic-navigation.spec.ts" time="0">
<properties>
<property name="skip" value="">
</property>
</properties>
<skipped>
</skipped>
</testcase>
</testsuite>
<testsuite name="evaluate-page.spec.ts" timestamp="2026-03-15T22:12:53.299Z" hostname="chromium" tests="3" failures="0" skipped="0" time="23.637" errors="0">
<testcase name="Evaluate Page › page loads and shows heading" classname="evaluate-page.spec.ts" time="10.909">
</testcase>
<testcase name="Evaluate Page › intent input area is visible" classname="evaluate-page.spec.ts" time="4.777">
</testcase>
<testcase name="Evaluate Page › no console errors on load" classname="evaluate-page.spec.ts" time="7.951">
</testcase>
</testsuite>
<testsuite name="evaluation.spec.ts" timestamp="2026-03-15T22:12:53.299Z" hostname="chromium" tests="7" failures="0" skipped="7" time="0" errors="0">
<testcase name="Evaluation System › Create new evaluation task successfully" classname="evaluation.spec.ts" time="0">
<properties>
<property name="skip" value="">
</property>
</properties>
<skipped>
</skipped>
</testcase>
<testcase name="Evaluation System › Real-time progress update visualization" classname="evaluation.spec.ts" time="0">
<properties>
<property name="skip" value="">
</property>
</properties>
<skipped>
</skipped>
</testcase>
<testcase name="Evaluation System › Display evaluation results with scoring" classname="evaluation.spec.ts" time="0">
<properties>
<property name="skip" value="">
</property>
</properties>
<skipped>
</skipped>
</testcase>
<testcase name="Evaluation System › Guest evaluation daily limit enforcement" classname="evaluation.spec.ts" time="0">
<properties>
<property name="skip" value="">
</property>
</properties>
<skipped>
</skipped>
</testcase>
<testcase name="Evaluation System › View evaluation history" classname="evaluation.spec.ts" time="0">
<properties>
<property name="skip" value="">
</property>
</properties>
<skipped>
</skipped>
</testcase>
<testcase name="Evaluation System › Evaluation task error handling" classname="evaluation.spec.ts" time="0">
<properties>
<property name="skip" value="">
</property>
</properties>
<skipped>
</skipped>
</testcase>
<testcase name="Evaluation System › Cancel ongoing evaluation" classname="evaluation.spec.ts" time="0">
<properties>
<property name="skip" value="">
</property>
</properties>
<skipped>
</skipped>
</testcase>
</testsuite>
<testsuite name="homepage.spec.ts" timestamp="2026-03-15T22:12:53.299Z" hostname="chromium" tests="5" failures="0" skipped="0" time="45.574" errors="0">
<testcase name="Homepage › 应该正确显示页面标题和主要导航" classname="homepage.spec.ts" time="6.852">
</testcase>
<testcase name="Homepage › 应该显示主要内容区域" classname="homepage.spec.ts" time="5.193">
</testcase>
<testcase name="Homepage › 应该响应式适配移动端" classname="homepage.spec.ts" time="5.715">
</testcase>
<testcase name="Homepage › 导航链接应该正确跳转" classname="homepage.spec.ts" time="20.018">
</testcase>
<testcase name="Homepage › 页面加载性能测试" classname="homepage.spec.ts" time="7.796">
</testcase>
</testsuite>
<testsuite name="ios-components.spec.ts" timestamp="2026-03-15T22:12:53.299Z" hostname="chromium" tests="10" failures="0" skipped="0" time="83.699" errors="0">
<testcase name="iOS Components › iOS button components should render and interact correctly" classname="ios-components.spec.ts" time="5.623">
</testcase>
<testcase name="iOS Components › iOS card components should display correctly" classname="ios-components.spec.ts" time="5.272">
</testcase>
<testcase name="iOS Components › iOS-style glass morphism effects" classname="ios-components.spec.ts" time="10.378">
</testcase>
<testcase name="iOS Components › iOS color system application" classname="ios-components.spec.ts" time="8.708">
</testcase>
<testcase name="iOS Components › iOS typography system application" classname="ios-components.spec.ts" time="9.999">
</testcase>
<testcase name="iOS Components › iOS toggle switch components" classname="ios-components.spec.ts" time="8.526">
</testcase>
<testcase name="iOS Components › iOS slider components" classname="ios-components.spec.ts" time="7.031">
</testcase>
<testcase name="iOS Components › iOS alerts and modal dialogs" classname="ios-components.spec.ts" time="7.354">
</testcase>
<testcase name="iOS Components › Responsive iOS component adaptation" classname="ios-components.spec.ts" time="12.231">
</testcase>
<testcase name="iOS Components › iOS component animations and transition effects" classname="ios-components.spec.ts" time="8.577">
<system-out>
<![CDATA[No iOS buttons found for animation test
]]>
</system-out>
</testcase>
</testsuite>
<testsuite name="mobile-viewport.spec.ts" timestamp="2026-03-15T22:12:53.299Z" hostname="chromium" tests="4" failures="0" skipped="0" time="25.715" errors="0">
<testcase name="Mobile viewport (375x812) › homepage should render without horizontal overflow" classname="mobile-viewport.spec.ts" time="6.331">
</testcase>
<testcase name="Mobile viewport (375x812) › models page should render without horizontal overflow" classname="mobile-viewport.spec.ts" time="5.542">
</testcase>
<testcase name="Mobile viewport (375x812) › homepage should show navigation at mobile width" classname="mobile-viewport.spec.ts" time="6.458">
</testcase>
<testcase name="Mobile viewport (375x812) › main heading should be visible on mobile" classname="mobile-viewport.spec.ts" time="7.384">
</testcase>
</testsuite>
<testsuite name="navigation.spec.ts" timestamp="2026-03-15T22:12:53.299Z" hostname="chromium" tests="5" failures="1" skipped="0" time="130.18" errors="0">
<testcase name="Navigation System › Main navigation menu functionality" classname="navigation.spec.ts" time="24.548">
</testcase>
<testcase name="Navigation System › Route switching and page transitions" classname="navigation.spec.ts" time="32.985">
</testcase>
<testcase name="Navigation System › Legacy route redirects work correctly" classname="navigation.spec.ts" time="52.369">
<failure message="navigation.spec.ts:72:3 Legacy route redirects work correctly" type="FAILURE">
<![CDATA[  [chromium] › navigation.spec.ts:72:3 › Navigation System › Legacy route redirects work correctly ─

    Error: expect(received).toContain(expected) // indexOf

    Expected substring: "/models"
    Received string:    "http://localhost:5173/battle"

      84 |       await page.waitForLoadState('domcontentloaded');
      85 |       await page.waitForTimeout(1000);
    > 86 |       expect(page.url()).toContain(redirect.to);
         |                          ^
      87 |     }
      88 |   });
      89 |
        at /home/yhryzy/projects/website/wenxin-moyun/tests/e2e/specs/navigation.spec.ts:86:26

    attachment #1: screenshot (image/png) ──────────────────────────────────────────────────────────
    ../../../test-results/navigation-Navigation-Syst-fa994-te-redirects-work-correctly-chromium/test-failed-1.png
    ────────────────────────────────────────────────────────────────────────────────────────────────

    attachment #2: video (video/webm) ──────────────────────────────────────────────────────────────
    ../../../test-results/navigation-Navigation-Syst-fa994-te-redirects-work-correctly-chromium/video.webm
    ────────────────────────────────────────────────────────────────────────────────────────────────

    Error Context: ../../../test-results/navigation-Navigation-Syst-fa994-te-redirects-work-correctly-chromium/error-context.md

    attachment #4: trace (application/zip) ─────────────────────────────────────────────────────────
    ../../../test-results/navigation-Navigation-Syst-fa994-te-redirects-work-correctly-chromium/trace.zip
    Usage:

        npx playwright show-trace ../../../test-results/navigation-Navigation-Syst-fa994-te-redirects-work-correctly-chromium/trace.zip

    ────────────────────────────────────────────────────────────────────────────────────────────────

    Retry #1 ───────────────────────────────────────────────────────────────────────────────────────

    Error: expect(received).toContain(expected) // indexOf

    Expected substring: "/models"
    Received string:    "http://localhost:5173/battle"

      84 |       await page.waitForLoadState('domcontentloaded');
      85 |       await page.waitForTimeout(1000);
    > 86 |       expect(page.url()).toContain(redirect.to);
         |                          ^
      87 |     }
      88 |   });
      89 |
        at /home/yhryzy/projects/website/wenxin-moyun/tests/e2e/specs/navigation.spec.ts:86:26

    attachment #1: screenshot (image/png) ──────────────────────────────────────────────────────────
    ../../../test-results/navigation-Navigation-Syst-fa994-te-redirects-work-correctly-chromium-retry1/test-failed-1.png
    ────────────────────────────────────────────────────────────────────────────────────────────────

    attachment #2: video (video/webm) ──────────────────────────────────────────────────────────────
    ../../../test-results/navigation-Navigation-Syst-fa994-te-redirects-work-correctly-chromium-retry1/video.webm
    ────────────────────────────────────────────────────────────────────────────────────────────────

    Error Context: ../../../test-results/navigation-Navigation-Syst-fa994-te-redirects-work-correctly-chromium-retry1/error-context.md

    attachment #4: trace (application/zip) ─────────────────────────────────────────────────────────
    ../../../test-results/navigation-Navigation-Syst-fa994-te-redirects-work-correctly-chromium-retry1/trace.zip
    Usage:

        npx playwright show-trace ../../../test-results/navigation-Navigation-Syst-fa994-te-redirects-work-correctly-chromium-retry1/trace.zip

    ────────────────────────────────────────────────────────────────────────────────────────────────
]]>
</failure>
<system-out>
<![CDATA[
[[ATTACHMENT|../../test-results/navigation-Navigation-Syst-fa994-te-redirects-work-correctly-chromium/test-failed-1.png]]

[[ATTACHMENT|../../test-results/navigation-Navigation-Syst-fa994-te-redirects-work-correctly-chromium/video.webm]]

[[ATTACHMENT|../../test-results/navigation-Navigation-Syst-fa994-te-redirects-work-correctly-chromium/error-context.md]]

[[ATTACHMENT|../../test-results/navigation-Navigation-Syst-fa994-te-redirects-work-correctly-chromium/trace.zip]]

[[ATTACHMENT|../../test-results/navigation-Navigation-Syst-fa994-te-redirects-work-correctly-chromium-retry1/test-failed-1.png]]

[[ATTACHMENT|../../test-results/navigation-Navigation-Syst-fa994-te-redirects-work-correctly-chromium-retry1/video.webm]]

[[ATTACHMENT|../../test-results/navigation-Navigation-Syst-fa994-te-redirects-work-correctly-chromium-retry1/error-context.md]]

[[ATTACHMENT|../../test-results/navigation-Navigation-Syst-fa994-te-redirects-work-correctly-chromium-retry1/trace.zip]]
]]>
</system-out>
</testcase>
<testcase name="Navigation System › 404 page handling for invalid routes" classname="navigation.spec.ts" time="10.321">
</testcase>
<testcase name="Navigation System › Mobile navigation menu (responsive)" classname="navigation.spec.ts" time="9.957">
</testcase>
</testsuite>
<testsuite name="prototype-smoke.spec.ts" timestamp="2026-03-15T22:12:53.299Z" hostname="chromium" tests="5" failures="4" skipped="0" time="177.368" errors="0">
<testcase name="Prototype Page Smoke › page loads without crash" classname="prototype-smoke.spec.ts" time="5.816">
</testcase>
<testcase name="Prototype Page Smoke › all 3 mode buttons are visible" classname="prototype-smoke.spec.ts" time="48.686">
<failure message="prototype-smoke.spec.ts:33:3 all 3 mode buttons are visible" type="FAILURE">
<![CDATA[  [chromium] › prototype-smoke.spec.ts:33:3 › Prototype Page Smoke › all 3 mode buttons are visible 

    Error: expect(locator).toBeVisible() failed

    Locator: locator('button:has-text("Run")').first()
    Expected: visible
    Timeout: 10000ms
    Error: element(s) not found

    Call log:
      - Expect "toBeVisible" with timeout 10000ms
      - waiting for locator('button:has-text("Run")').first()


      35 |     for (const mode of modes) {
      36 |       const btn = page.locator(`button:has-text("${mode}")`).first();
    > 37 |       await expect(btn).toBeVisible({ timeout: 10000 });
         |                         ^
      38 |     }
      39 |   });
      40 |
        at /home/yhryzy/projects/website/wenxin-moyun/tests/e2e/specs/prototype-smoke.spec.ts:37:25

    attachment #1: screenshot (image/png) ──────────────────────────────────────────────────────────
    ../../../test-results/prototype-smoke-Prototype--be999--3-mode-buttons-are-visible-chromium/test-failed-1.png
    ────────────────────────────────────────────────────────────────────────────────────────────────

    attachment #2: video (video/webm) ──────────────────────────────────────────────────────────────
    ../../../test-results/prototype-smoke-Prototype--be999--3-mode-buttons-are-visible-chromium/video.webm
    ────────────────────────────────────────────────────────────────────────────────────────────────

    Error Context: ../../../test-results/prototype-smoke-Prototype--be999--3-mode-buttons-are-visible-chromium/error-context.md

    attachment #4: trace (application/zip) ─────────────────────────────────────────────────────────
    ../../../test-results/prototype-smoke-Prototype--be999--3-mode-buttons-are-visible-chromium/trace.zip
    Usage:

        npx playwright show-trace ../../../test-results/prototype-smoke-Prototype--be999--3-mode-buttons-are-visible-chromium/trace.zip

    ────────────────────────────────────────────────────────────────────────────────────────────────

    Retry #1 ───────────────────────────────────────────────────────────────────────────────────────

    Error: expect(locator).toBeVisible() failed

    Locator: locator('button:has-text("Run")').first()
    Expected: visible
    Timeout: 10000ms
    Error: element(s) not found

    Call log:
      - Expect "toBeVisible" with timeout 10000ms
      - waiting for locator('button:has-text("Run")').first()


      35 |     for (const mode of modes) {
      36 |       const btn = page.locator(`button:has-text("${mode}")`).first();
    > 37 |       await expect(btn).toBeVisible({ timeout: 10000 });
         |                         ^
      38 |     }
      39 |   });
      40 |
        at /home/yhryzy/projects/website/wenxin-moyun/tests/e2e/specs/prototype-smoke.spec.ts:37:25

    attachment #1: screenshot (image/png) ──────────────────────────────────────────────────────────
    ../../../test-results/prototype-smoke-Prototype--be999--3-mode-buttons-are-visible-chromium-retry1/test-failed-1.png
    ────────────────────────────────────────────────────────────────────────────────────────────────

    attachment #2: video (video/webm) ──────────────────────────────────────────────────────────────
    ../../../test-results/prototype-smoke-Prototype--be999--3-mode-buttons-are-visible-chromium-retry1/video.webm
    ────────────────────────────────────────────────────────────────────────────────────────────────

    Error Context: ../../../test-results/prototype-smoke-Prototype--be999--3-mode-buttons-are-visible-chromium-retry1/error-context.md

    attachment #4: trace (application/zip) ─────────────────────────────────────────────────────────
    ../../../test-results/prototype-smoke-Prototype--be999--3-mode-buttons-are-visible-chromium-retry1/trace.zip
    Usage:

        npx playwright show-trace ../../../test-results/prototype-smoke-Prototype--be999--3-mode-buttons-are-visible-chromium-retry1/trace.zip

    ────────────────────────────────────────────────────────────────────────────────────────────────
]]>
</failure>
<system-out>
<![CDATA[
[[ATTACHMENT|../../test-results/prototype-smoke-Prototype--be999--3-mode-buttons-are-visible-chromium/test-failed-1.png]]

[[ATTACHMENT|../../test-results/prototype-smoke-Prototype--be999--3-mode-buttons-are-visible-chromium/video.webm]]

[[ATTACHMENT|../../test-results/prototype-smoke-Prototype--be999--3-mode-buttons-are-visible-chromium/error-context.md]]

[[ATTACHMENT|../../test-results/prototype-smoke-Prototype--be999--3-mode-buttons-are-visible-chromium/trace.zip]]

[[ATTACHMENT|../../test-results/prototype-smoke-Prototype--be999--3-mode-buttons-are-visible-chromium-retry1/test-failed-1.png]]

[[ATTACHMENT|../../test-results/prototype-smoke-Prototype--be999--3-mode-buttons-are-visible-chromium-retry1/video.webm]]

[[ATTACHMENT|../../test-results/prototype-smoke-Prototype--be999--3-mode-buttons-are-visible-chromium-retry1/error-context.md]]

[[ATTACHMENT|../../test-results/prototype-smoke-Prototype--be999--3-mode-buttons-are-visible-chromium-retry1/trace.zip]]
]]>
</system-out>
</testcase>
<testcase name="Prototype Page Smoke › clicking mode buttons switches view without crash" classname="prototype-smoke.spec.ts" time="42.022">
<failure message="prototype-smoke.spec.ts:41:3 clicking mode buttons switches view without crash" type="FAILURE">
<![CDATA[  [chromium] › prototype-smoke.spec.ts:41:3 › Prototype Page Smoke › clicking mode buttons switches view without crash 

    TimeoutError: locator.click: Timeout 15000ms exceeded.
    Call log:
      - waiting for locator('button:has-text("Edit")').first()
        - locator resolved to <button class="px-2 py-1 text-[11px] font-medium rounded-lg border transition-colors border-[#C9C2B8] dark:border-[#C87F4A] text-[#C87F4A] dark:text-[#DDA574] bg-[#FAF7F2] dark:bg-[#C87F4A]/10">Edit</button>
      - attempting click action
        - waiting for element to be visible, enabled and stable
      - element was detached from the DOM, retrying


      43 |     for (const mode of modes) {
      44 |       const btn = page.locator(`button:has-text("${mode}")`).first();
    > 45 |       await btn.click();
         |                 ^
      46 |       // Wait a moment for view to render
      47 |       await page.waitForTimeout(500);
      48 |       // Page should still be responsive (no crash)
        at /home/yhryzy/projects/website/wenxin-moyun/tests/e2e/specs/prototype-smoke.spec.ts:45:17

    attachment #1: screenshot (image/png) ──────────────────────────────────────────────────────────
    ../../../test-results/prototype-smoke-Prototype--0903f-switches-view-without-crash-chromium/test-failed-1.png
    ────────────────────────────────────────────────────────────────────────────────────────────────

    attachment #2: video (video/webm) ──────────────────────────────────────────────────────────────
    ../../../test-results/prototype-smoke-Prototype--0903f-switches-view-without-crash-chromium/video.webm
    ────────────────────────────────────────────────────────────────────────────────────────────────

    Error Context: ../../../test-results/prototype-smoke-Prototype--0903f-switches-view-without-crash-chromium/error-context.md

    attachment #4: trace (application/zip) ─────────────────────────────────────────────────────────
    ../../../test-results/prototype-smoke-Prototype--0903f-switches-view-without-crash-chromium/trace.zip
    Usage:

        npx playwright show-trace ../../../test-results/prototype-smoke-Prototype--0903f-switches-view-without-crash-chromium/trace.zip

    ────────────────────────────────────────────────────────────────────────────────────────────────

    Retry #1 ───────────────────────────────────────────────────────────────────────────────────────

    TimeoutError: locator.click: Timeout 15000ms exceeded.
    Call log:
      - waiting for locator('button:has-text("Edit")').first()
        - locator resolved to <button class="px-2 py-1 text-[11px] font-medium rounded-lg border transition-colors border-[#C9C2B8] dark:border-[#C87F4A] text-[#C87F4A] dark:text-[#DDA574] bg-[#FAF7F2] dark:bg-[#C87F4A]/10">Edit</button>
      - attempting click action
        - waiting for element to be visible, enabled and stable
      - element was detached from the DOM, retrying


      43 |     for (const mode of modes) {
      44 |       const btn = page.locator(`button:has-text("${mode}")`).first();
    > 45 |       await btn.click();
         |                 ^
      46 |       // Wait a moment for view to render
      47 |       await page.waitForTimeout(500);
      48 |       // Page should still be responsive (no crash)
        at /home/yhryzy/projects/website/wenxin-moyun/tests/e2e/specs/prototype-smoke.spec.ts:45:17

    attachment #1: screenshot (image/png) ──────────────────────────────────────────────────────────
    ../../../test-results/prototype-smoke-Prototype--0903f-switches-view-without-crash-chromium-retry1/test-failed-1.png
    ────────────────────────────────────────────────────────────────────────────────────────────────

    attachment #2: video (video/webm) ──────────────────────────────────────────────────────────────
    ../../../test-results/prototype-smoke-Prototype--0903f-switches-view-without-crash-chromium-retry1/video.webm
    ────────────────────────────────────────────────────────────────────────────────────────────────

    Error Context: ../../../test-results/prototype-smoke-Prototype--0903f-switches-view-without-crash-chromium-retry1/error-context.md

    attachment #4: trace (application/zip) ─────────────────────────────────────────────────────────
    ../../../test-results/prototype-smoke-Prototype--0903f-switches-view-without-crash-chromium-retry1/trace.zip
    Usage:

        npx playwright show-trace ../../../test-results/prototype-smoke-Prototype--0903f-switches-view-without-crash-chromium-retry1/trace.zip

    ────────────────────────────────────────────────────────────────────────────────────────────────
]]>
</failure>
<system-out>
<![CDATA[
[[ATTACHMENT|../../test-results/prototype-smoke-Prototype--0903f-switches-view-without-crash-chromium/test-failed-1.png]]

[[ATTACHMENT|../../test-results/prototype-smoke-Prototype--0903f-switches-view-without-crash-chromium/video.webm]]

[[ATTACHMENT|../../test-results/prototype-smoke-Prototype--0903f-switches-view-without-crash-chromium/error-context.md]]

[[ATTACHMENT|../../test-results/prototype-smoke-Prototype--0903f-switches-view-without-crash-chromium/trace.zip]]

[[ATTACHMENT|../../test-results/prototype-smoke-Prototype--0903f-switches-view-without-crash-chromium-retry1/test-failed-1.png]]

[[ATTACHMENT|../../test-results/prototype-smoke-Prototype--0903f-switches-view-without-crash-chromium-retry1/video.webm]]

[[ATTACHMENT|../../test-results/prototype-smoke-Prototype--0903f-switches-view-without-crash-chromium-retry1/error-context.md]]

[[ATTACHMENT|../../test-results/prototype-smoke-Prototype--0903f-switches-view-without-crash-chromium-retry1/trace.zip]]
]]>
</system-out>
</testcase>
<testcase name="Prototype Page Smoke › Edit mode shows editor or config UI" classname="prototype-smoke.spec.ts" time="41.572">
<failure message="prototype-smoke.spec.ts:54:3 Edit mode shows editor or config UI" type="FAILURE">
<![CDATA[  [chromium] › prototype-smoke.spec.ts:54:3 › Prototype Page Smoke › Edit mode shows editor or config UI 

    TimeoutError: locator.click: Timeout 15000ms exceeded.
    Call log:
      - waiting for locator('button:has-text("Edit")').first()
        - locator resolved to <button class="px-2 py-1 text-[11px] font-medium rounded-lg border transition-colors border-[#C9C2B8] dark:border-[#C87F4A] text-[#C87F4A] dark:text-[#DDA574] bg-[#FAF7F2] dark:bg-[#C87F4A]/10">Edit</button>
      - attempting click action
        - waiting for element to be visible, enabled and stable
      - element was detached from the DOM, retrying


      54 |   test('Edit mode shows editor or config UI', async ({ page }) => {
      55 |     const editBtn = page.locator('button:has-text("Edit")').first();
    > 56 |     await editBtn.click();
         |                   ^
      57 |     await page.waitForTimeout(500);
      58 |     const body = page.locator('body');
      59 |     await expect(body).toBeVisible();
        at /home/yhryzy/projects/website/wenxin-moyun/tests/e2e/specs/prototype-smoke.spec.ts:56:19

    attachment #1: screenshot (image/png) ──────────────────────────────────────────────────────────
    ../../../test-results/prototype-smoke-Prototype--f69a9-e-shows-editor-or-config-UI-chromium/test-failed-1.png
    ────────────────────────────────────────────────────────────────────────────────────────────────

    attachment #2: video (video/webm) ──────────────────────────────────────────────────────────────
    ../../../test-results/prototype-smoke-Prototype--f69a9-e-shows-editor-or-config-UI-chromium/video.webm
    ────────────────────────────────────────────────────────────────────────────────────────────────

    Error Context: ../../../test-results/prototype-smoke-Prototype--f69a9-e-shows-editor-or-config-UI-chromium/error-context.md

    attachment #4: trace (application/zip) ─────────────────────────────────────────────────────────
    ../../../test-results/prototype-smoke-Prototype--f69a9-e-shows-editor-or-config-UI-chromium/trace.zip
    Usage:

        npx playwright show-trace ../../../test-results/prototype-smoke-Prototype--f69a9-e-shows-editor-or-config-UI-chromium/trace.zip

    ────────────────────────────────────────────────────────────────────────────────────────────────

    Retry #1 ───────────────────────────────────────────────────────────────────────────────────────

    TimeoutError: locator.click: Timeout 15000ms exceeded.
    Call log:
      - waiting for locator('button:has-text("Edit")').first()
        - locator resolved to <button class="px-2 py-1 text-[11px] font-medium rounded-lg border transition-colors border-[#C9C2B8] dark:border-[#C87F4A] text-[#C87F4A] dark:text-[#DDA574] bg-[#FAF7F2] dark:bg-[#C87F4A]/10">Edit</button>
      - attempting click action
        - waiting for element to be visible, enabled and stable
      - element was detached from the DOM, retrying


      54 |   test('Edit mode shows editor or config UI', async ({ page }) => {
      55 |     const editBtn = page.locator('button:has-text("Edit")').first();
    > 56 |     await editBtn.click();
         |                   ^
      57 |     await page.waitForTimeout(500);
      58 |     const body = page.locator('body');
      59 |     await expect(body).toBeVisible();
        at /home/yhryzy/projects/website/wenxin-moyun/tests/e2e/specs/prototype-smoke.spec.ts:56:19

    attachment #1: screenshot (image/png) ──────────────────────────────────────────────────────────
    ../../../test-results/prototype-smoke-Prototype--f69a9-e-shows-editor-or-config-UI-chromium-retry1/test-failed-1.png
    ────────────────────────────────────────────────────────────────────────────────────────────────

    attachment #2: video (video/webm) ──────────────────────────────────────────────────────────────
    ../../../test-results/prototype-smoke-Prototype--f69a9-e-shows-editor-or-config-UI-chromium-retry1/video.webm
    ────────────────────────────────────────────────────────────────────────────────────────────────

    Error Context: ../../../test-results/prototype-smoke-Prototype--f69a9-e-shows-editor-or-config-UI-chromium-retry1/error-context.md

    attachment #4: trace (application/zip) ─────────────────────────────────────────────────────────
    ../../../test-results/prototype-smoke-Prototype--f69a9-e-shows-editor-or-config-UI-chromium-retry1/trace.zip
    Usage:

        npx playwright show-trace ../../../test-results/prototype-smoke-Prototype--f69a9-e-shows-editor-or-config-UI-chromium-retry1/trace.zip

    ────────────────────────────────────────────────────────────────────────────────────────────────
]]>
</failure>
<system-out>
<![CDATA[
[[ATTACHMENT|../../test-results/prototype-smoke-Prototype--f69a9-e-shows-editor-or-config-UI-chromium/test-failed-1.png]]

[[ATTACHMENT|../../test-results/prototype-smoke-Prototype--f69a9-e-shows-editor-or-config-UI-chromium/video.webm]]

[[ATTACHMENT|../../test-results/prototype-smoke-Prototype--f69a9-e-shows-editor-or-config-UI-chromium/error-context.md]]

[[ATTACHMENT|../../test-results/prototype-smoke-Prototype--f69a9-e-shows-editor-or-config-UI-chromium/trace.zip]]

[[ATTACHMENT|../../test-results/prototype-smoke-Prototype--f69a9-e-shows-editor-or-config-UI-chromium-retry1/test-failed-1.png]]

[[ATTACHMENT|../../test-results/prototype-smoke-Prototype--f69a9-e-shows-editor-or-config-UI-chromium-retry1/video.webm]]

[[ATTACHMENT|../../test-results/prototype-smoke-Prototype--f69a9-e-shows-editor-or-config-UI-chromium-retry1/error-context.md]]

[[ATTACHMENT|../../test-results/prototype-smoke-Prototype--f69a9-e-shows-editor-or-config-UI-chromium-retry1/trace.zip]]
]]>
</system-out>
</testcase>
<testcase name="Prototype Page Smoke › Traditions mode renders Browse/Create sub-tabs" classname="prototype-smoke.spec.ts" time="39.272">
<failure message="prototype-smoke.spec.ts:65:3 Traditions mode renders Browse/Create sub-tabs" type="FAILURE">
<![CDATA[  [chromium] › prototype-smoke.spec.ts:65:3 › Prototype Page Smoke › Traditions mode renders Browse/Create sub-tabs 

    TimeoutError: locator.click: Timeout 15000ms exceeded.
    Call log:
      - waiting for locator('button:has-text("Traditions")').first()
        - locator resolved to <button class="px-2 py-1 text-[11px] font-medium rounded-lg border transition-colors border-gray-300 dark:border-gray-600 text-gray-500 dark:text-gray-400 hover:bg-gray-50 dark:hover:bg-gray-800">Traditions</button>
      - attempting click action
        - waiting for element to be visible, enabled and stable
      - element was detached from the DOM, retrying


      65 |   test('Traditions mode renders Browse/Create sub-tabs', async ({ page }) => {
      66 |     const traditionsBtn = page.locator('button:has-text("Traditions")').first();
    > 67 |     await traditionsBtn.click();
         |                         ^
      68 |     await page.waitForTimeout(500);
      69 |     // Traditions mode should show Browse/Create segmented control
      70 |     const body = page.locator('body');
        at /home/yhryzy/projects/website/wenxin-moyun/tests/e2e/specs/prototype-smoke.spec.ts:67:25

    attachment #1: screenshot (image/png) ──────────────────────────────────────────────────────────
    ../../../test-results/prototype-smoke-Prototype--1dde2-ders-Browse-Create-sub-tabs-chromium/test-failed-1.png
    ────────────────────────────────────────────────────────────────────────────────────────────────

    attachment #2: video (video/webm) ──────────────────────────────────────────────────────────────
    ../../../test-results/prototype-smoke-Prototype--1dde2-ders-Browse-Create-sub-tabs-chromium/video.webm
    ────────────────────────────────────────────────────────────────────────────────────────────────

    Error Context: ../../../test-results/prototype-smoke-Prototype--1dde2-ders-Browse-Create-sub-tabs-chromium/error-context.md

    attachment #4: trace (application/zip) ─────────────────────────────────────────────────────────
    ../../../test-results/prototype-smoke-Prototype--1dde2-ders-Browse-Create-sub-tabs-chromium/trace.zip
    Usage:

        npx playwright show-trace ../../../test-results/prototype-smoke-Prototype--1dde2-ders-Browse-Create-sub-tabs-chromium/trace.zip

    ────────────────────────────────────────────────────────────────────────────────────────────────

    Retry #1 ───────────────────────────────────────────────────────────────────────────────────────

    TimeoutError: locator.click: Timeout 15000ms exceeded.
    Call log:
      - waiting for locator('button:has-text("Traditions")').first()
        - locator resolved to <button class="px-2 py-1 text-[11px] font-medium rounded-lg border transition-colors border-gray-300 dark:border-gray-600 text-gray-500 dark:text-gray-400 hover:bg-gray-50 dark:hover:bg-gray-800">Traditions</button>
      - attempting click action
        - waiting for element to be visible, enabled and stable
      - element was detached from the DOM, retrying


      65 |   test('Traditions mode renders Browse/Create sub-tabs', async ({ page }) => {
      66 |     const traditionsBtn = page.locator('button:has-text("Traditions")').first();
    > 67 |     await traditionsBtn.click();
         |                         ^
      68 |     await page.waitForTimeout(500);
      69 |     // Traditions mode should show Browse/Create segmented control
      70 |     const body = page.locator('body');
        at /home/yhryzy/projects/website/wenxin-moyun/tests/e2e/specs/prototype-smoke.spec.ts:67:25

    attachment #1: screenshot (image/png) ──────────────────────────────────────────────────────────
    ../../../test-results/prototype-smoke-Prototype--1dde2-ders-Browse-Create-sub-tabs-chromium-retry1/test-failed-1.png
    ────────────────────────────────────────────────────────────────────────────────────────────────

    attachment #2: video (video/webm) ──────────────────────────────────────────────────────────────
    ../../../test-results/prototype-smoke-Prototype--1dde2-ders-Browse-Create-sub-tabs-chromium-retry1/video.webm
    ────────────────────────────────────────────────────────────────────────────────────────────────

    Error Context: ../../../test-results/prototype-smoke-Prototype--1dde2-ders-Browse-Create-sub-tabs-chromium-retry1/error-context.md

    attachment #4: trace (application/zip) ─────────────────────────────────────────────────────────
    ../../../test-results/prototype-smoke-Prototype--1dde2-ders-Browse-Create-sub-tabs-chromium-retry1/trace.zip
    Usage:

        npx playwright show-trace ../../../test-results/prototype-smoke-Prototype--1dde2-ders-Browse-Create-sub-tabs-chromium-retry1/trace.zip

    ────────────────────────────────────────────────────────────────────────────────────────────────
]]>
</failure>
<system-out>
<![CDATA[
[[ATTACHMENT|../../test-results/prototype-smoke-Prototype--1dde2-ders-Browse-Create-sub-tabs-chromium/test-failed-1.png]]

[[ATTACHMENT|../../test-results/prototype-smoke-Prototype--1dde2-ders-Browse-Create-sub-tabs-chromium/video.webm]]

[[ATTACHMENT|../../test-results/prototype-smoke-Prototype--1dde2-ders-Browse-Create-sub-tabs-chromium/error-context.md]]

[[ATTACHMENT|../../test-results/prototype-smoke-Prototype--1dde2-ders-Browse-Create-sub-tabs-chromium/trace.zip]]

[[ATTACHMENT|../../test-results/prototype-smoke-Prototype--1dde2-ders-Browse-Create-sub-tabs-chromium-retry1/test-failed-1.png]]

[[ATTACHMENT|../../test-results/prototype-smoke-Prototype--1dde2-ders-Browse-Create-sub-tabs-chromium-retry1/video.webm]]

[[ATTACHMENT|../../test-results/prototype-smoke-Prototype--1dde2-ders-Browse-Create-sub-tabs-chromium-retry1/error-context.md]]

[[ATTACHMENT|../../test-results/prototype-smoke-Prototype--1dde2-ders-Browse-Create-sub-tabs-chromium-retry1/trace.zip]]
]]>
</system-out>
</testcase>
</testsuite>
<testsuite name="research-page.spec.ts" timestamp="2026-03-15T22:12:53.299Z" hostname="chromium" tests="3" failures="0" skipped="0" time="21.812" errors="0">
<testcase name="Research Page › page loads and shows heading" classname="research-page.spec.ts" time="5.829">
</testcase>
<testcase name="Research Page › tab navigation is present" classname="research-page.spec.ts" time="5.3">
</testcase>
<testcase name="Research Page › no console errors on load" classname="research-page.spec.ts" time="10.683">
</testcase>
</testsuite>
<testsuite name="skills-page.spec.ts" timestamp="2026-03-15T22:12:53.299Z" hostname="chromium" tests="4" failures="0" skipped="0" time="28.373" errors="0">
<testcase name="Skills Page › page loads and shows heading" classname="skills-page.spec.ts" time="7.05">
</testcase>
<testcase name="Skills Page › skill cards are visible (fallback data)" classname="skills-page.spec.ts" time="7.728">
</testcase>
<testcase name="Skills Page › search input is functional" classname="skills-page.spec.ts" time="5.811">
</testcase>
<testcase name="Skills Page › no console errors on load" classname="skills-page.spec.ts" time="7.784">
</testcase>
</testsuite>
<testsuite name="vulca-47d-issue.spec.ts" timestamp="2026-03-15T22:12:53.299Z" hostname="chromium" tests="3" failures="0" skipped="0" time="14.527" errors="0">
<testcase name="VULCA 47D Display Issues › 检查47D按钮和数据显示问题" classname="vulca-47d-issue.spec.ts" time="4.431">
<system-out>
<![CDATA[开始检查47D显示问题...
47D按钮存在: false
47D按钮未在排行榜页面找到 - 该功能可能仅在VULCA页面可用
]]>
</system-out>
</testcase>
<testcase name="VULCA 47D Display Issues › 检查47D数据完整性" classname="vulca-47d-issue.spec.ts" time="4.317">
<system-out>
<![CDATA[47D按钮未找到，跳过数据完整性检查
]]>
</system-out>
</testcase>
<testcase name="VULCA 47D Display Issues › 检查47D视图切换功能" classname="vulca-47d-issue.spec.ts" time="5.779">
<system-out>
<![CDATA[47D按钮未找到，跳过视图切换功能检查
]]>
</system-out>
</testcase>
</testsuite>
<testsuite name="vulca-simple.spec.ts" timestamp="2026-03-15T22:12:53.299Z" hostname="chromium" tests="6" failures="0" skipped="2" time="27.157" errors="0">
<testcase name="Canvas Simple Tests › should navigate to canvas page" classname="vulca-simple.spec.ts" time="7.75">
</testcase>
<testcase name="Canvas Simple Tests › should show loading or content" classname="vulca-simple.spec.ts" time="8.37">
</testcase>
<testcase name="Canvas Simple Tests › should eventually show main content" classname="vulca-simple.spec.ts" time="5.167">
</testcase>
<testcase name="Canvas Simple Tests › legacy /vulca route redirects to /canvas" classname="vulca-simple.spec.ts" time="5.87">
</testcase>
<testcase name="Canvas API Tests › should have working prototype API" classname="vulca-simple.spec.ts" time="0">
<properties>
<property name="skip" value="Canvas API tests require running backend">
</property>
</properties>
<skipped>
</skipped>
</testcase>
<testcase name="Canvas API Tests › should get traditions list" classname="vulca-simple.spec.ts" time="0">
<properties>
<property name="skip" value="Canvas API tests require running backend">
</property>
</properties>
<skipped>
</skipped>
</testcase>
</testsuite>
<testsuite name="vulca.spec.ts" timestamp="2026-03-15T22:12:53.299Z" hostname="chromium" tests="12" failures="0" skipped="12" time="0" errors="0">
<testcase name="VULCA Integration Tests › should load VULCA page successfully" classname="vulca.spec.ts" time="0">
<properties>
<property name="skip" value="VULCA integration tests require running backend with VULCA API">
</property>
</properties>
<skipped>
</skipped>
</testcase>
<testcase name="VULCA Integration Tests › should switch between 6D and 47D views" classname="vulca.spec.ts" time="0">
<properties>
<property name="skip" value="VULCA integration tests require running backend with VULCA API">
</property>
</properties>
<skipped>
</skipped>
</testcase>
<testcase name="VULCA Integration Tests › should change visualization types" classname="vulca.spec.ts" time="0">
<properties>
<property name="skip" value="VULCA integration tests require running backend with VULCA API">
</property>
</properties>
<skipped>
</skipped>
</testcase>
<testcase name="VULCA Integration Tests › should select different AI models" classname="vulca.spec.ts" time="0">
<properties>
<property name="skip" value="VULCA integration tests require running backend with VULCA API">
</property>
</properties>
<skipped>
</skipped>
</testcase>
<testcase name="VULCA Integration Tests › should switch cultural perspectives" classname="vulca.spec.ts" time="0">
<properties>
<property name="skip" value="VULCA integration tests require running backend with VULCA API">
</property>
</properties>
<skipped>
</skipped>
</testcase>
<testcase name="VULCA Integration Tests › should handle hover interactions" classname="vulca.spec.ts" time="0">
<properties>
<property name="skip" value="VULCA integration tests require running backend with VULCA API">
</property>
</properties>
<skipped>
</skipped>
</testcase>
<testcase name="VULCA Integration Tests › should handle responsive layout" classname="vulca.spec.ts" time="0">
<properties>
<property name="skip" value="VULCA integration tests require running backend with VULCA API">
</property>
</properties>
<skipped>
</skipped>
</testcase>
<testcase name="VULCA Integration Tests › should display evaluation scores correctly" classname="vulca.spec.ts" time="0">
<properties>
<property name="skip" value="VULCA integration tests require running backend with VULCA API">
</property>
</properties>
<skipped>
</skipped>
</testcase>
<testcase name="VULCA Integration Tests › should handle API errors gracefully" classname="vulca.spec.ts" time="0">
<properties>
<property name="skip" value="VULCA integration tests require running backend with VULCA API">
</property>
</properties>
<skipped>
</skipped>
</testcase>
<testcase name="VULCA Integration Tests › should compare multiple models" classname="vulca.spec.ts" time="0">
<properties>
<property name="skip" value="VULCA integration tests require running backend with VULCA API">
</property>
</properties>
<skipped>
</skipped>
</testcase>
<testcase name="VULCA Performance Tests › should load page within 5 seconds" classname="vulca.spec.ts" time="0">
<properties>
<property name="skip" value="VULCA performance tests require running backend">
</property>
</properties>
<skipped>
</skipped>
</testcase>
<testcase name="VULCA Performance Tests › should render charts smoothly" classname="vulca.spec.ts" time="0">
<properties>
<property name="skip" value="VULCA performance tests require running backend">
</property>
</properties>
<skipped>
</skipped>
</testcase>
</testsuite>
</testsuites>